# JRE version: OpenJDK Runtime Environment Temurin-17.0.7+7 (17.0.7+7) (build 17.0.7+7)
# Java VM: OpenJDK 64-Bit Server VM Temurin-17.0.7+7 (17.0.7+7, mixed mode, sharing, tiered, compressed oops, compressed class ptrs, g1 gc, windows-amd64)
GC Precious Log:
 CPUs: 16 total, 16 available
 Memory: 16004M
 Large Page Support: Disabled
 NUMA Support: Disabled
 Compressed Oops: Enabled (Zero based)
 Heap Region Size: 2M
 Heap Min Capacity: 8M
 Heap Initial Capacity: 252M
 Heap Max Capacity: 4002M
 Pre-touch: Disabled
 Parallel Workers: 13
 Concurrent Workers: 3
 Concurrent Refinement Workers: 13
 Periodic GC: Disabled
Heap:
 garbage-first heap   total 122880K, used 59394K [0x0000000705e00000, 0x0000000800000000)
  region size 2048K, 9 young (18432K), 1 survivors (2048K)
 Metaspace       used 57270K, committed 57856K, reserved 1114112K
  class space    used 7776K, committed 8064K, reserved 1048576K
GC Heap History (20 events):
Event: 18.830 GC heap before
{Heap before GC invocations=10 (full 0):
 garbage-first heap   total 102400K, used 79570K [0x0000000705e00000, 0x0000000800000000)
  region size 2048K, 25 young (51200K), 1 survivors (2048K)
 Metaspace       used 31468K, committed 31936K, reserved 1114112K
  class space    used 3488K, committed 3712K, reserved 1048576K
}
Event: 18.831 GC heap after
{Heap after GC invocations=11 (full 0):
 garbage-first heap   total 102400K, used 30733K [0x0000000705e00000, 0x0000000800000000)
  region size 2048K, 1 young (2048K), 1 survivors (2048K)
 Metaspace       used 31468K, committed 31936K, reserved 1114112K
  class space    used 3488K, committed 3712K, reserved 1048576K
}
Event: 19.645 GC heap before
{Heap before GC invocations=11 (full 0):
 garbage-first heap   total 102400K, used 81933K [0x0000000705e00000, 0x0000000800000000)
  region size 2048K, 26 young (53248K), 1 survivors (2048K)
 Metaspace       used 33277K, committed 33728K, reserved 1114112K
  class space    used 3684K, committed 3904K, reserved 1048576K
}
Event: 19.648 GC heap after
{Heap after GC invocations=12 (full 0):
 garbage-first heap   total 102400K, used 32038K [0x0000000705e00000, 0x0000000800000000)
  region size 2048K, 2 young (4096K), 2 survivors (4096K)
 Metaspace       used 33277K, committed 33728K, reserved 1114112K
  class space    used 3684K, committed 3904K, reserved 1048576K
}
Event: 19.777 GC heap before
{Heap before GC invocations=12 (full 0):
 garbage-first heap   total 102400K, used 44326K [0x0000000705e00000, 0x0000000800000000)
  region size 2048K, 9 young (18432K), 2 survivors (4096K)
 Metaspace       used 35473K, committed 35968K, reserved 1114112K
  class space    used 3952K, committed 4224K, reserved 1048576K
}
Event: 19.780 GC heap after
{Heap after GC invocations=13 (full 0):
 garbage-first heap   total 102400K, used 32765K [0x0000000705e00000, 0x0000000800000000)
  region size 2048K, 2 young (4096K), 2 survivors (4096K)
 Metaspace       used 35473K, committed 35968K, reserved 1114112K
  class space    used 3952K, committed 4224K, reserved 1048576K
}
Event: 19.888 GC heap before
{Heap before GC invocations=14 (full 0):
 garbage-first heap   total 102400K, used 51197K [0x0000000705e00000, 0x0000000800000000)
  region size 2048K, 6 young (12288K), 2 survivors (4096K)
 Metaspace       used 36243K, committed 36800K, reserved 1114112K
  class space    used 4042K, committed 4288K, reserved 1048576K
}
Event: 19.892 GC heap after
{Heap after GC invocations=15 (full 0):
 garbage-first heap   total 102400K, used 41094K [0x0000000705e00000, 0x0000000800000000)
  region size 2048K, 3 young (6144K), 3 survivors (6144K)
 Metaspace       used 36243K, committed 36800K, reserved 1114112K
  class space    used 4042K, committed 4288K, reserved 1048576K
}
Event: 20.324 GC heap before
{Heap before GC invocations=15 (full 0):
 garbage-first heap   total 102400K, used 86150K [0x0000000705e00000, 0x0000000800000000)
  region size 2048K, 23 young (47104K), 3 survivors (6144K)
 Metaspace       used 43372K, committed 43904K, reserved 1114112K
  class space    used 5457K, committed 5696K, reserved 1048576K
}
Event: 20.330 GC heap after
{Heap after GC invocations=16 (full 0):
 garbage-first heap   total 122880K, used 36732K [0x0000000705e00000, 0x0000000800000000)
  region size 2048K, 3 young (6144K), 3 survivors (6144K)
 Metaspace       used 43372K, committed 43904K, reserved 1114112K
  class space    used 5457K, committed 5696K, reserved 1048576K
}
Event: 21.286 GC heap before
{Heap before GC invocations=16 (full 0):
 garbage-first heap   total 122880K, used 100220K [0x0000000705e00000, 0x0000000800000000)
  region size 2048K, 34 young (69632K), 3 survivors (6144K)
 Metaspace       used 52546K, committed 53184K, reserved 1114112K
  class space    used 6856K, committed 7168K, reserved 1048576K
}
Event: 21.294 GC heap after
{Heap after GC invocations=17 (full 0):
 garbage-first heap   total 122880K, used 40430K [0x0000000705e00000, 0x0000000800000000)
  region size 2048K, 5 young (10240K), 5 survivors (10240K)
 Metaspace       used 52546K, committed 53184K, reserved 1114112K
  class space    used 6856K, committed 7168K, reserved 1048576K
}
Event: 21.898 GC heap before
{Heap before GC invocations=17 (full 0):
 garbage-first heap   total 122880K, used 95726K [0x0000000705e00000, 0x0000000800000000)
  region size 2048K, 32 young (65536K), 5 survivors (10240K)
 Metaspace       used 55695K, committed 56256K, reserved 1114112K
  class space    used 7541K, committed 7808K, reserved 1048576K
}
Event: 21.912 GC heap after
{Heap after GC invocations=18 (full 0):
 garbage-first heap   total 122880K, used 44384K [0x0000000705e00000, 0x0000000800000000)
  region size 2048K, 4 young (8192K), 4 survivors (8192K)
 Metaspace       used 55695K, committed 56256K, reserved 1114112K
  class space    used 7541K, committed 7808K, reserved 1048576K
}
Event: 23.256 GC heap before
{Heap before GC invocations=18 (full 0):
 garbage-first heap   total 122880K, used 97632K [0x0000000705e00000, 0x0000000800000000)
  region size 2048K, 30 young (61440K), 4 survivors (8192K)
 Metaspace       used 57172K, committed 57856K, reserved 1114112K
  class space    used 7766K, committed 8064K, reserved 1048576K
}
Event: 23.263 GC heap after
{Heap after GC invocations=19 (full 0):
 garbage-first heap   total 122880K, used 45075K [0x0000000705e00000, 0x0000000800000000)
  region size 2048K, 3 young (6144K), 3 survivors (6144K)
 Metaspace       used 57172K, committed 57856K, reserved 1114112K
  class space    used 7766K, committed 8064K, reserved 1048576K
}
Event: 25.870 GC heap before
{Heap before GC invocations=19 (full 0):
 garbage-first heap   total 122880K, used 98323K [0x0000000705e00000, 0x0000000800000000)
  region size 2048K, 29 young (59392K), 3 survivors (6144K)
 Metaspace       used 57173K, committed 57856K, reserved 1114112K
  class space    used 7766K, committed 8064K, reserved 1048576K
}
Event: 25.875 GC heap after
{Heap after GC invocations=20 (full 0):
 garbage-first heap   total 122880K, used 45640K [0x0000000705e00000, 0x0000000800000000)
  region size 2048K, 1 young (2048K), 1 survivors (2048K)
 Metaspace       used 57173K, committed 57856K, reserved 1114112K
  class space    used 7766K, committed 8064K, reserved 1048576K
}
Event: 28.820 GC heap before
{Heap before GC invocations=20 (full 0):
 garbage-first heap   total 122880K, used 100936K [0x0000000705e00000, 0x0000000800000000)
  region size 2048K, 28 young (57344K), 1 survivors (2048K)
 Metaspace       used 57173K, committed 57856K, reserved 1114112K
  class space    used 7766K, committed 8064K, reserved 1048576K
}
Event: 28.822 GC heap after
{Heap after GC invocations=21 (full 0):
 garbage-first heap   total 122880K, used 45058K [0x0000000705e00000, 0x0000000800000000)
  region size 2048K, 1 young (2048K), 1 survivors (2048K)
 Metaspace       used 57173K, committed 57856K, reserved 1114112K
  class space    used 7766K, committed 8064K, reserved 1048576K
}

